
T4387F740 000:000 SEGGER J-Link V4.78k Log File (0000ms, 0000ms total)
T4387F740 000:000 DLL Compiled: Dec  5 2013 20:31:07 (0000ms, 0000ms total)
T4387F740 000:000 Logging started @ 2014-12-09 15:58 (0000ms, 0000ms total)
T4387F740 000:000 JLINK_SetWarnOutHandler(...) (0000ms, 0000ms total)
T4387F740 000:000 JLINK_SelectUSB(Port = 0)  returns 0x00 (0000ms, 0000ms total)
T4387F740 000:000 JLINK_OpenEx(...)
Firmware: J-Link ARM V8 compiled Nov 25 2013 19:20:08
Hardware: V8.00
S/N: 268003015
OEM: SEGGER-EDU
Feature(s): FlashBP, GDB  returns O.K. (0300ms, 0300ms total)
T4387F740 000:300 JLINK_SetErrorOutHandler(...) (0000ms, 0300ms total)
T4387F740 000:300 JLINK_EnableLog(...) (0000ms, 0300ms total)
T4387F740 000:300 JLINK_SetInitRegsOnReset(OFF)  returns 0x01 (0000ms, 0300ms total)
T4387F740 000:300 JLINK_ExecCommand("device=stm32f103rb", ...)Device "STM32F103RB" selected (128 KB flash, 20 KB RAM).  returns 0x00 (0000ms, 0300ms total)
T4387F740 000:300 JLINK_GetDLLVersion()  returns 47811 (0000ms, 0300ms total)
T4387F740 000:300 JLINK_GetCompileDateTime() (0000ms, 0300ms total)
T4387F740 000:300 JLINK_GetFirmwareString(...) (0000ms, 0300ms total)
T4387F740 000:300 JLINK_GetHardwareVersion()  returns 0x13880 (0000ms, 0300ms total)
T4387F740 000:300 JLINK_EMU_HasCapEx(0x00000026)  returns 0x00 (0001ms, 0301ms total)
T4387F740 000:301 JLINK_EMU_GetProductId() (0000ms, 0301ms total)
T4387F740 000:301 JLINK_GetHardwareVersion()  returns 0x13880 (0000ms, 0301ms total)
T4387F740 000:301 JLINK_GetFirmwareString(...) (0000ms, 0301ms total)
T4387F740 000:301 JLINK_GetEmuCaps()  returns 0xB9FF7BBF (0000ms, 0301ms total)
T4387F740 000:301 JLINK_GetEmuCaps()  returns 0xB9FF7BBF (0000ms, 0301ms total)
T4387F740 000:301 JLINK_GetHWStatus(...)  returns 0x00 (0000ms, 0301ms total)
T4387F740 000:301 JLINK_SetSpeed(100) (0000ms, 0301ms total)
T4387F740 000:301 JLINK_GetEmuCaps()  returns 0xB9FF7BBF (0000ms, 0301ms total)
T4387F740 000:301 JLINK_TIF_GetAvailable(...) (0000ms, 0301ms total)
T4387F740 000:301 JLINK_TIF_Select(JLINKARM_TIF_SWD)  returns 0x00 (0001ms, 0302ms total)
T4387F740 000:302 JLINK_Connect() >0x108 TIF>Found SWD-DP with ID 0x1BA01477 >0x0D TIF> >0x28 TIF> >0x0D TIF> >0x28 TIF> >0x0D TIF> >0x21 TIF> >0x0D TIF> >0x28 TIF> >0x0D TIF> >0x28 TIF> >0x0D TIF> >0x28 TIF> >0x0D TIF> >0x21 TIF> >0x0D TIF> >0x0D TIF> >0x0D TIF> >0x0D TIF> >0x0D TIF> >0x0D TIF> >0x0D TIF> >0x0D TIF> >0x0D TIF> >0x0D TIF> >0x0D TIF> >0x0D TIF> >0x0D TIF> >0x0D TIF> >0x0D TIF> >0x0D TIF> >0x0D TIF> >0x0D TIF> >0x0D TIF> >0x0D TIF> >0x0D TIF> >0x0D TIF> >0x0D TIF> >0x0D TIF> >0x0D TIF>
 >0x0D TIF> >0x0D TIF> >0x0D TIF> >0x0D TIF> >0x0D TIF> >0x0D TIF> >0x0D TIF> >0x0D TIF> >0x0D TIF> >0x0D TIF> >0x0D TIF> >0x0D TIF> >0x0D TIF> >0x0D TIF> >0x0D TIF> >0x0D TIF> >0x0D TIF> >0x0D TIF> >0x0D TIF> >0x0D TIF> >0x0D TIF> >0x0D TIF> >0x0D TIF> >0x0D TIF> >0x0D TIF> >0x0D TIF> >0x0D TIF> >0x0D TIF> >0x0D TIF> >0x0D TIF> >0x0D TIF> >0x0D TIF> >0x0D TIF> >0x0D TIF> >0x0D TIF> >0x0D TIF> >0x0D TIF> >0x0D TIF> >0x0D TIF> >0x0D TIF> >0x0D TIF> >0x0D TIF> >0x0D TIF> >0x0D TIF> >0x0D TIF> >0x0D TIF>
 >0x0D TIF> >0x0D TIF> >0x0D TIF> >0x0D TIF> >0x0D TIF> >0x0D TIF> >0x0D TIF> >0x0D TIF> >0x0D TIF> >0x0D TIF> >0x0D TIF> >0x0D TIF> >0x0D TIF> >0x0D TIF> >0x0D TIF> >0x0D TIF> >0x0D TIF> >0x0D TIF> >0x0D TIF> >0x0D TIF> >0x0D TIF> >0x0D TIF> >0x0D TIF> >0x0D TIF> >0x0D TIF> >0x0D TIF> >0x0D TIF> >0x0D TIF> >0x0D TIF> >0x0D TIF> >0x0D TIF> >0x0D TIF> >0x0D TIF> >0x0D TIF> >0x0D TIF> >0x0D TIF> >0x0D TIF> >0x0D TIF> >0x0D TIF> >0x0D TIF> >0x0D TIF> >0x0D TIF> >0x0D TIF> >0x0D TIF> >0x0D TIF> >0x0D TIF>
 >0x0D TIF> >0x0D TIF> >0x0D TIF> >0x0D TIF> >0x0D TIF> >0x0D TIF> >0x0D TIF> >0x0D TIF> >0x0D TIF> >0x0D TIF> >0x0D TIF> >0x0D TIF> >0x0D TIF> >0x0D TIF> >0x0D TIF> >0x0D TIF> >0x0D TIF> >0x0D TIF> >0x0D TIF> >0x0D TIF> >0x0D TIF> >0x0D TIF> >0x0D TIF> >0x0D TIF> >0x0D TIF> >0x0D TIF> >0x0D TIF> >0x0D TIF> >0x0D TIF> >0x0D TIF> >0x0D TIF> >0x0D TIF> >0x0D TIF> >0x0D TIF> >0x0D TIF> >0x0D TIF> >0x0D TIF> >0x0D TIF> >0x0D TIF> >0x0D TIF> >0x0D TIF> >0x0D TIF> >0x0D TIF> >0x0D TIF> >0x0D TIF> >0x0D TIF>
 >0x0D TIF> >0x0D TIF> >0x0D TIF> >0x0D TIF> >0x0D TIF> >0x0D TIF> >0x0D TIF> >0x0D TIF> >0x0D TIF> >0x0D TIF> >0x0D TIF> >0x0D TIF> >0x0D TIF> >0x0D TIF> >0x0D TIF> >0x0D TIF> >0x0D TIF> >0x0D TIF> >0x0D TIF> >0x0D TIF> >0x0D TIF> >0x0D TIF> >0x0D TIF> >0x0D TIF> >0x0D TIF> >0x0D TIF> >0x0D TIF> >0x0D TIF> >0x0D TIF> >0x0D TIF> >0x0D TIF> >0x0D TIF> >0x0D TIF> >0x0D TIF> >0x0D TIF> >0x0D TIF> >0x0D TIF> >0x0D TIF> >0x0D TIF> >0x0D TIF> >0x0D TIF> >0x0D TIF> >0x0D TIF> >0x0D TIF> >0x0D TIF> >0x0D TIF>
 >0x0D TIF> >0x0D TIF> >0x0D TIF> >0x0D TIF> >0x0D TIF> >0x0D TIF> >0x0D TIF> >0x0D TIF> >0x0D TIF> >0x0D TIF> >0x0D TIF> >0x0D TIF> >0x0D TIF> >0x0D TIF> >0x0D TIF> >0x0D TIF> >0x0D TIF> >0x0D TIF> >0x0D TIF> >0x0D TIF> >0x0D TIF> >0x0D TIF> >0x0D TIF> >0x0D TIF> >0x0D TIF> >0x0D TIF> >0x0D TIF> >0x0D TIF> >0x0D TIF> >0x0D TIF> >0x0D TIF> >0x0D TIF> >0x0D TIF> >0x0D TIF> >0x0D TIF> >0x0D TIF> >0x0D TIF> >0x0D TIF> >0x0D TIF> >0x0D TIF> >0x0D TIF> >0x0D TIF> >0x0D TIF> >0x0D TIF> >0x0D TIF> >0x0D TIF>
 >0x0D TIF> >0x0D TIF> >0x0D TIF> >0x0D TIF> >0x0D TIF> >0x0D TIF> >0x0D TIF> >0x0D TIF> >0x0D TIF> >0x0D TIF> >0x0D TIF> >0x0D TIF> >0x0D TIF> >0x0D TIF> >0x0D TIF> >0x0D TIF> >0x0D TIF> >0x0D TIF> >0x0D TIF> >0x0D TIF> >0x0D TIF> >0x0D TIF> >0x0D TIF> >0x0D TIF> >0x0D TIF> >0x0D TIF> >0x0D TIF> >0x0D TIF> >0x0D TIF> >0x0D TIF> >0x0D TIF> >0x0D TIF> >0x0D TIF> >0x0D TIF> >0x0D TIF> >0x0D TIF> >0x0D TIF> >0x0D TIF> >0x0D TIF> >0x0D TIF> >0x0D TIF> >0x0D TIF> >0x0D TIF> >0x0D TIF> >0x0D TIF> >0x0D TIF>
 >0x0D TIF> >0x0D TIF> >0x0D TIF> >0x0D TIF> >0x0D TIF> >0x0D TIF> >0x0D TIF> >0x0D TIF> >0x0D TIF> >0x0D TIF> >0x0D TIF> >0x0D TIF> >0x0D TIF> >0x0D TIF> >0x0D TIF> >0x0D TIF> >0x0D TIF> >0x0D TIF> >0x0D TIF> >0x0D TIF> >0x0D TIF> >0x0D TIF> >0x0D TIF> >0x0D TIF> >0x0D TIF> >0x0D TIF> >0x0D TIF> >0x0D TIF> >0x0D TIF> >0x0D TIF> >0x0D TIF> >0x0D TIF> >0x0D TIF> >0x0D TIF> >0x0D TIF> >0x0D TIF> >0x0D TIF> >0x0D TIF> >0x0D TIF> >0x0D TIF> >0x0D TIF> >0x0D TIF> >0x0D TIF> >0x0D TIF> >0x0D TIF> >0x0D TIF>
 >0x0D TIF> >0x0D TIF> >0x0D TIF> >0x0D TIF> >0x0D TIF> >0x0D TIF> >0x0D TIF> >0x0D TIF> >0x0D TIF> >0x0D TIF> >0x0D TIF> >0x0D TIF> >0x0D TIF> >0x0D TIF> >0x0D TIF> >0x0D TIF> >0x0D TIF> >0x0D TIF> >0x0D TIF> >0x0D TIF> >0x0D TIF> >0x0D TIF> >0x0D TIF> >0x0D TIF> >0x0D TIF> >0x0D TIF> >0x0D TIF> >0x0D TIF> >0x0D TIF> >0x0D TIF> >0x0D TIF> >0x0D TIF> >0x0D TIF> >0x0D TIF> >0x0D TIF> >0x0D TIF> >0x0D TIF> >0x0D TIF> >0x0D TIF> >0x0D TIF> >0x0D TIF> >0x0D TIF> >0x0D TIF> >0x0D TIF> >0x0D TIF> >0x0D TIF>
 >0x0D TIF> >0x0D TIF> >0x0D TIF> >0x0D TIF> >0x0D TIF> >0x0D TIF> >0x0D TIF> >0x0D TIF> >0x0D TIF> >0x0D TIF> >0x0D TIF> >0x0D TIF> >0x0D TIF> >0x0D TIF> >0x0D TIF> >0x0D TIF> >0x0D TIF> >0x0D TIF> >0x0D TIF> >0x0D TIF> >0x0D TIF> >0x0D TIF> >0x0D TIF> >0x0D TIF> >0x0D TIF> >0x0D TIF> >0x0D TIF> >0x0D TIF> >0x0D TIF> >0x0D TIF> >0x0D TIF> >0x0D TIF> >0x0D TIF> >0x0D TIF> >0x0D TIF> >0x0D TIF> >0x0D TIF> >0x0D TIF> >0x0D TIF> >0x0D TIF> >0x0D TIF> >0x0D TIF> >0x0D TIF> >0x0D TIF> >0x0D TIF> >0x0D TIF>
 >0x0D TIF> >0x0D TIF> >0x0D TIF> >0x0D TIF> >0x0D TIF> >0x0D TIF> >0x0D TIF> >0x0D TIF> >0x0D TIF> >0x0D TIF> >0x0D TIF> >0x0D TIF> >0x0D TIF> >0x0D TIF> >0x0D TIF> >0x0D TIF> >0x0D TIF> >0x0D TIF> >0x0D TIF> >0x0D TIF> >0x0D TIF> >0x0D TIF> >0x0D TIF> >0x0D TIF> >0x0D TIF> >0x0D TIF> >0x0D TIF> >0x0D TIF> >0x0D TIF> >0x0D TIF> >0x0D TIF> >0x0D TIF> >0x0D TIF> >0x0D TIF> >0x0D TIF> >0x0D TIF> >0x0D TIF> >0x0D TIF> >0x0D TIF> >0x0D TIF> >0x0D TIF> >0x0D TIF> >0x0D TIF> >0x0D TIF> >0x0D TIF> >0x0D TIF>
 >0x0D TIF> >0x0D TIF> >0x0D TIF> >0x0D TIF> >0x0D TIF> >0x0D TIF> >0x0D TIF> >0x0D TIF> >0x0D TIF> >0x0D TIF> >0x0D TIF> >0x0D TIF> >0x0D TIF> >0x0D TIF> >0x0D TIF> >0x0D TIF> >0x0D TIF> >0x0D TIF> >0x0D TIF> >0x0D TIF> >0x0D TIF> >0x0D TIF> >0x0D TIF> >0x0D TIF> >0x0D TIF> >0x0D TIF> >0x0D TIF> >0x0D TIF> >0x0D TIF> >0x0D TIF> >0x0D TIF> >0x0D TIF> >0x0D TIF> >0x0D TIF> >0x0D TIF> >0x0D TIF> >0x0D TIF> >0x0D TIF> >0x0D TIF> >0x0D TIF> >0x0D TIF> >0x0D TIF> >0x0D TIF> >0x0D TIF> >0x0D TIF> >0x0D TIF>
 >0x0D TIF> >0x0D TIF> >0x0D TIF> >0x0D TIF> >0x0D TIF> >0x0D TIF> >0x0D TIF> >0x0D TIF> >0x0D TIF> >0x0D TIF> >0x0D TIF> >0x0D TIF> >0x0D TIF> >0x0D TIF> >0x0D TIF> >0x0D TIF> >0x0D TIF> >0x0D TIF> >0x0D TIF> >0x0D TIF> >0x0D TIF> >0x0D TIF> >0x0D TIF> >0x0D TIF> >0x0D TIF> >0x0D TIF> >0x0D TIF> >0x0D TIF> >0x0D TIF> >0x0D TIF> >0x0D TIF> >0x0D TIF> >0x0D TIF> >0x0D TIF> >0x0D TIF> >0x0D TIF> >0x0D TIF> >0x0D TIF> >0x0D TIF> >0x0D TIF> >0x0D TIF> >0x0D TIF> >0x0D TIF> >0x0D TIF> >0x0D TIF> >0x0D TIF>
 >0x0D TIF> >0x0D TIF> >0x0D TIF> >0x0D TIF> >0x0D TIF> >0x0D TIF> >0x0D TIF> >0x0D TIF> >0x0D TIF> >0x0D TIF> >0x0D TIF> >0x0D TIF> >0x0D TIF> >0x0D TIF> >0x0D TIF> >0x0D TIF> >0x0D TIF> >0x0D TIF> >0x0D TIF> >0x0D TIF> >0x0D TIF> >0x0D TIF> >0x0D TIF> >0x0D TIF> >0x0D TIF> >0x0D TIF> >0x0D TIF> >0x0D TIF> >0x0D TIF> >0x0D TIF> >0x0D TIF> >0x0D TIF> >0x0D TIF> >0x0D TIF> >0x0D TIF> >0x0D TIF> >0x0D TIF> >0x0D TIF> >0x0D TIF> >0x0D TIF> >0x0D TIF> >0x0D TIF> >0x0D TIF> >0x0D TIF> >0x0D TIF> >0x0D TIF>
 >0x0D TIF> >0x0D TIF> >0x0D TIF> >0x0D TIF> >0x0D TIF> >0x0D TIF> >0x0D TIF> >0x0D TIF> >0x0D TIF> >0x0D TIF> >0x0D TIF> >0x0D TIF> >0x0D TIF> >0x0D TIF> >0x0D TIF> >0x0D TIF> >0x0D TIF> >0x0D TIF> >0x0D TIF> >0x0D TIF> >0x0D TIF> >0x0D TIF> >0x0D TIF> >0x0D TIF> >0x0D TIF> >0x0D TIF> >0x0D TIF> >0x0D TIF> >0x0D TIF> >0x0D TIF> >0x0D TIF> >0x0D TIF> >0x0D TIF> >0x0D TIF> >0x0D TIF> >0x0D TIF> >0x0D TIF> >0x0D TIF> >0x0D TIF> >0x0D TIF> >0x0D TIF> >0x0D TIF> >0x0D TIF> >0x0D TIF> >0x0D TIF> >0x0D TIF>
 >0x0D TIF> >0x0D TIF> >0x0D TIF> >0x0D TIF> >0x0D TIF> >0x0D TIF> >0x0D TIF> >0x0D TIF> >0x0D TIF> >0x0D TIF> >0x0D TIF> >0x0D TIF> >0x0D TIF> >0x0D TIF> >0x0D TIF> >0x0D TIF> >0x0D TIF> >0x0D TIF> >0x0D TIF> >0x0D TIF> >0x0D TIF> >0x0D TIF> >0x0D TIF> >0x0D TIF> >0x0D TIF> >0x0D TIF> >0x0D TIF> >0x0D TIF> >0x0D TIF> >0x0D TIF> >0x0D TIF> >0x0D TIF> >0x0D TIF> >0x0D TIF> >0x0D TIF> >0x0D TIF> >0x0D TIF> >0x0D TIF> >0x0D TIF> >0x0D TIF> >0x0D TIF> >0x0D TIF> >0x0D TIF> >0x0D TIF> >0x0D TIF> >0x0D TIF>
 >0x0D TIF> >0x0D TIF> >0x0D TIF> >0x0D TIF> >0x0D TIF> >0x0D TIF> >0x0D TIF> >0x0D TIF> >0x0D TIF> >0x0D TIF> >0x0D TIF> >0x0D TIF> >0x0D TIF> >0x0D TIF> >0x0D TIF> >0x0D TIF> >0x0D TIF> >0x0D TIF> >0x0D TIF> >0x0D TIF> >0x0D TIF> >0x0D TIF> >0x0D TIF> >0x0D TIF> >0x0D TIF> >0x0D TIF> >0x0D TIF> >0x0D TIF> >0x0D TIF> >0x0D TIF> >0x0D TIF> >0x0D TIF> >0x0D TIF> >0x0D TIF> >0x0D TIF> >0x0D TIF> >0x0D TIF> >0x0D TIF> >0x0D TIF> >0x0D TIF> >0x0D TIF> >0x0D TIF> >0x0D TIF> >0x0D TIF> >0x0D TIF> >0x0D TIF>
 >0x0D TIF> >0x0D TIF> >0x0D TIF> >0x0D TIF> >0x0D TIF> >0x0D TIF> >0x0D TIF> >0x0D TIF> >0x0D TIF> >0x0D TIF> >0x0D TIF> >0x0D TIF> >0x0D TIF> >0x0D TIF> >0x0D TIF> >0x0D TIF> >0x0D TIF> >0x0D TIF> >0x0D TIF> >0x0D TIF> >0x0D TIF> >0x0D TIF> >0x0D TIF> >0x0D TIF> >0x0D TIF> >0x0D TIF> >0x0D TIF> >0x0D TIF> >0x0D TIF> >0x0D TIF> >0x0D TIF> >0x0D TIF> >0x0D TIF> >0x0D TIF> >0x0D TIF> >0x0D TIF> >0x0D TIF> >0x0D TIF> >0x0D TIF> >0x0D TIF> >0x0D TIF> >0x0D TIF> >0x0D TIF> >0x0D TIF> >0x0D TIF> >0x0D TIF>
 >0x0D TIF> >0x0D TIF> >0x0D TIF> >0x0D TIF> >0x0D TIF> >0x0D TIF> >0x0D TIF> >0x0D TIF> >0x0D TIF> >0x0D TIF> >0x0D TIF> >0x0D TIF> >0x0D TIF> >0x0D TIF> >0x0D TIF> >0x0D TIF> >0x0D TIF> >0x0D TIF> >0x0D TIF> >0x0D TIF> >0x0D TIF> >0x0D TIF> >0x0D TIF> >0x0D TIF> >0x0D TIF> >0x0D TIF> >0x0D TIF> >0x0D TIF> >0x0D TIF> >0x0D TIF> >0x0D TIF> >0x0D TIF> >0x0D TIF> >0x0D TIF> >0x0D TIF> >0x0D TIF> >0x0D TIF> >0x0D TIF> >0x0D TIF> >0x0D TIF> >0x0D TIF> >0x0D TIF> >0x0D TIF> >0x0D TIF> >0x0D TIF> >0x0D TIF>
 >0x0D TIF> >0x0D TIF> >0x0D TIF> >0x0D TIF> >0x0D TIF> >0x0D TIF> >0x0D TIF> >0x0D TIF> >0x0D TIF> >0x0D TIF> >0x0D TIF> >0x0D TIF> >0x0D TIF> >0x0D TIF> >0x0D TIF> >0x0D TIF> >0x0D TIF> >0x0D TIF> >0x0D TIF> >0x0D TIF> >0x0D TIF> >0x0D TIF> >0x0D TIF> >0x0D TIF> >0x0D TIF> >0x0D TIF> >0x0D TIF> >0x0D TIF> >0x0D TIF> >0x0D TIF> >0x0D TIF> >0x0D TIF> >0x0D TIF> >0x0D TIF> >0x0D TIF> >0x0D TIF> >0x0D TIF> >0x0D TIF> >0x0D TIF> >0x0D TIF> >0x0D TIF> >0x0D TIF> >0x0D TIF> >0x0D TIF> >0x0D TIF> >0x0D TIF>
 >0x0D TIF> >0x0D TIF> >0x0D TIF> >0x0D TIF> >0x0D TIF> >0x0D TIF> >0x0D TIF> >0x0D TIF> >0x0D TIF> >0x0D TIF> >0x0D TIF> >0x0D TIF> >0x0D TIF> >0x0D TIF> >0x0D TIF> >0x0D TIF> >0x0D TIF> >0x0D TIF> >0x0D TIF> >0x0D TIF> >0x0D TIF> >0x0D TIF> >0x0D TIF> >0x0D TIF> >0x0D TIF> >0x0D TIF> >0x0D TIF> >0x0D TIF> >0x0D TIF> >0x0D TIF> >0x0D TIF> >0x0D TIF> >0x0D TIF> >0x0D TIF> >0x0D TIF> >0x0D TIF> >0x0D TIF> >0x0D TIF> >0x0D TIF> >0x0D TIF> >0x0D TIF> >0x0D TIF> >0x0D TIF> >0x0D TIF> >0x0D TIF> >0x0D TIF>
 >0x0D TIF> >0x0D TIF> >0x0D TIF> >0x0D TIF> >0x0D TIF> >0x0D TIF> >0x0D TIF> >0x0D TIF> >0x0D TIF> >0x0D TIF> >0x0D TIF> >0x0D TIF> >0x0D TIF> >0x0D TIF> >0x0D TIF> >0x0D TIF> >0x0D TIF> >0x0D TIF> >0x0D TIF> >0x0D TIF> >0x0D TIF> >0x0D TIF> >0x0D TIF> >0x0D TIF> >0x0D TIF> >0x0D TIF> >0x0D TIF> >0x0D TIF> >0x0D TIF> >0x0D TIF> >0x0D TIF> >0x0D TIF> >0x0D TIF> >0x0D TIF> >0x0D TIF> >0x0D TIF> >0x0D TIF> >0x0D TIF> >0x0D TIF> >0x0D TIF> >0x0D TIF> >0x0D TIF> >0x0D TIF> >0x0D TIF> >0x0D TIF> >0x0D TIF>
 >0x0D TIF> >0x0D TIF> >0x0D TIF> >0x0D TIF> >0x0D TIF> >0x0D TIF> >0x0D TIF> >0x0D TIF> >0x0D TIF> >0x0D TIF> >0x0D TIF> >0x0D TIF> >0x0D TIF> >0x0D TIF> >0x0D TIF> >0x0D TIF> >0x0D TIF> >0x0D TIF> >0x0D TIF> >0x0D TIF> >0x0D TIF> >0x0D TIF> >0x0D TIF> >0x0D TIF> >0x0D TIF> >0x0D TIF> >0x0D TIF> >0x0D TIF> >0x0D TIF> >0x0D TIF> >0x0D TIF> >0x0D TIF> >0x0D TIF> >0x0D TIF> >0x0D TIF> >0x0D TIF> >0x0D TIF> >0x0D TIF> >0x0D TIF> >0x0D TIF> >0x0D TIF> >0x0D TIF> >0x0D TIF> >0x0D TIF> >0x0D TIF> >0x0D TIF>
 >0x0D TIF> >0x0D TIF> >0x0D TIF> >0x0D TIF> >0x0D TIF> >0x0D TIF> >0x0D TIF> >0x0D TIF> >0x0D TIF> >0x0D TIF> >0x0D TIF> >0x0D TIF> >0x0D TIF> >0x0D TIF> >0x0D TIF> >0x0D TIF> >0x0D TIF> >0x0D TIF> >0x0D TIF> >0x0D TIF> >0x0D TIF> >0x0D TIF> >0x0D TIF> >0x0D TIF> >0x0D TIF> >0x0D TIF> >0x0D TIF> >0x0D TIF> >0x0D TIF> >0x0D TIF> >0x0D TIF> >0x0D TIF> >0x0D TIF> >0x0D TIF> >0x0D TIF> >0x0D TIF> >0x0D TIF> >0x0D TIF> >0x0D TIF> >0x0D TIF> >0x0D TIF> >0x0D TIF> >0x0D TIF> >0x0D TIF> >0x0D TIF> >0x0D TIF>
 >0x0D TIF> >0x0D TIF> >0x0D TIF> >0x0D TIF> >0x0D TIF> >0x0D TIF> >0x0D TIF> >0x0D TIF> >0x0D TIF> >0x0D TIF> >0x0D TIF> >0x0D TIF> >0x0D TIF> >0x0D TIF> >0x0D TIF> >0x0D TIF> >0x0D TIF> >0x0D TIF> >0x0D TIF> >0x0D TIF> >0x0D TIF> >0x0D TIF> >0x0D TIF> >0x0D TIF> >0x0D TIF> >0x0D TIF> >0x0D TIF> >0x0D TIF> >0x0D TIF> >0x0D TIF> >0x0D TIF> >0x0D TIF> >0x0D TIF> >0x0D TIF> >0x0D TIF> >0x0D TIF> >0x0D TIF> >0x0D TIF> >0x0D TIF> >0x0D TIF> >0x0D TIF> >0x0D TIF> >0x0D TIF> >0x0D TIF> >0x0D TIF> >0x0D TIF>
 >0x0D TIF> >0x0D TIF> >0x0D TIF> >0x0D TIF> >0x0D TIF> >0x0D TIF> >0x0D TIF> >0x0D TIF> >0x0D TIF> >0x0D TIF> >0x0D TIF> >0x0D TIF> >0x0D TIF> >0x0D TIF> >0x0D TIF> >0x0D TIF> >0x0D TIF> >0x0D TIF> >0x0D TIF> >0x0D TIF> >0x0D TIF> >0x0D TIF> >0x0D TIF> >0x0D TIF> >0x0D TIF> >0x0D TIF> >0x0D TIF> >0x0D TIF> >0x0D TIF> >0x0D TIF> >0x0D TIF> >0x0D TIF> >0x0D TIF> >0x0D TIF> >0x0D TIF> >0x0D TIF> >0x0D TIF> >0x0D TIF> >0x0D TIF> >0x0D TIF> >0x0D TIF> >0x0D TIF> >0x0D TIF> >0x0D TIF> >0x0D TIF> >0x0D TIF>
 >0x0D TIF> >0x0D TIF> >0x0D TIF> >0x0D TIF> >0x0D TIF> >0x0D TIF> >0x0D TIF> >0x0D TIF> >0x0D TIF> >0x0D TIF> >0x0D TIF> >0x0D TIF> >0x0D TIF> >0x0D TIF> >0x0D TIF> >0x0D TIF> >0x0D TIF> >0x0D TIF> >0x0D TIF> >0x0D TIF> >0x0D TIF> >0x0D TIF> >0x0D TIF> >0x0D TIF> >0x0D TIF> >0x0D TIF> >0x0D TIF> >0x0D TIF> >0x0D TIF> >0x0D TIF> >0x0D TIF> >0x0D TIF> >0x0D TIF> >0x0D TIF> >0x0D TIF> >0x0D TIF> >0x0D TIF> >0x0D TIF> >0x0D TIF> >0x0D TIF> >0x0D TIF> >0x0D TIF> >0x0D TIF> >0x0D TIF> >0x0D TIF> >0x0D TIF>
 >0x0D TIF> >0x0D TIF> >0x0D TIF> >0x0D TIF> >0x0D TIF> >0x0D TIF> >0x0D TIF> >0x0D TIF> >0x0D TIF> >0x0D TIF> >0x0D TIF> >0x0D TIF> >0x0D TIF> >0x0D TIF> >0x0D TIF> >0x0D TIF> >0x0D TIF> >0x0D TIF> >0x0D TIF> >0x0D TIF> >0x0D TIF> >0x0D TIF> >0x0D TIF> >0x0D TIF> >0x0D TIF> >0x0D TIF> >0x0D TIF> >0x0D TIF> >0x0D TIF> >0x0D TIF> >0x0D TIF> >0x0D TIF> >0x0D TIF> >0x0D TIF> >0x0D TIF> >0x0D TIF> >0x0D TIF> >0x0D TIF> >0x0D TIF> >0x0D TIF> >0x0D TIF> >0x0D TIF> >0x0D TIF> >0x0D TIF> >0x0D TIF> >0x0D TIF>
 >0x0D TIF> >0x0D TIF> >0x0D TIF> >0x0D TIF> >0x0D TIF> >0x0D TIF> >0x0D TIF> >0x0D TIF> >0x0D TIF> >0x0D TIF> >0x0D TIF> >0x0D TIF> >0x0D TIF> >0x0D TIF> >0x0D TIF> >0x0D TIF> >0x0D TIF> >0x0D TIF> >0x0D TIF> >0x0D TIF> >0x0D TIF> >0x0D TIF> >0x0D TIF> >0x0D TIF> >0x0D TIF> >0x0D TIF> >0x0D TIF> >0x0D TIF> >0x0D TIF> >0x0D TIF> >0x0D TIF> >0x0D TIF> >0x0D TIF> >0x0D TIF>STM32F1xxx: Can not attach to CPU. Trying connect under reset. >0x108 TIF>Found SWD-DP with ID 0x1BA01477 >0x0D TIF> >0x28 TIF>
 >0x0D TIF> >0x28 TIF> >0x0D TIF> >0x21 TIF> >0x0D TIF> >0x28 TIF> >0x0D TIF> >0x28 TIF> >0x0D TIF> >0x28 TIF> >0x0D TIF> >0x21 TIF> >0x0D TIF> >0x21 TIF> >0x0D TIF> >0x28 TIF> >0x0D TIF> >0x21 TIF> >0x0D TIF> >0x21 TIF> >0x0D TIF> >0x28 TIF> >0x0D TIF> >0x28 TIF> >0x0D TIF> >0x28 TIF> >0x0D TIF> >0x21 TIF> >0x0D TIF> >0x21 TIF> >0x0D TIF> >0x28 TIF> >0x0D TIF> >0x28 TIF> >0x0D TIF> >0x28 TIF> >0x0D TIF> >0x21 TIF> >0x0D TIF> >0x21 TIF> >0x0D TIF> >0x28 TIF> >0x0D TIF> >0x28 TIF> >0x0D TIF> >0x28 TIF>
 >0x0D TIF> >0x28 TIF> >0x108 TIF>Found SWD-DP with ID 0x1BA01477 >0x0D TIF> >0x21 TIF> >0x0D TIF> >0x28 TIF> >0x0D TIF> >0x28 TIF> >0x0D TIF> >0x21 TIF> >0x0D TIF> >0x28 TIF> >0x0D TIF> >0x21 TIF> >0x0D TIF> >0x21 TIF> >0x0D TIF> >0x21 TIF> >0x0D TIF> >0x21 TIF> >0x0D TIF> >0x28 TIF> >0x0D TIF> >0x28 TIF> >0x0D TIF> >0x21 TIF> >0x0D TIF> >0x28 TIF> >0x0D TIF> >0x28 TIF> >0x0D TIF> >0x28 TIF> >0x0D TIF> >0x21 TIF> >0x0D TIF> >0x21 TIF> >0x0D TIF> >0x28 TIF> >0x0D TIF> >0x21 TIF> >0x0D TIF> >0x21 TIF>
Found Cortex-M3 r1p1, Little endian. -- CPU_WriteMem(4 bytes @ 0xE0002000) -- CPU_ReadMem(4 bytes @ 0xE000EDF0) -- CPU_ReadMem(4 bytes @ 0xE0002000)FPUnit: 6 code (BP) slots and 2 literal slots -- CPU_ReadMem(4 bytes @ 0xE000EDFC) -- CPU_WriteMem(4 bytes @ 0xE000EDFC) -- CPU_ReadMem(4 bytes @ 0xE0001000) -- CPU_WriteMem(4 bytes @ 0xE0001000) -- CPU_ReadMem(4 bytes @ 0xE00FF010)TPIU fitted. -- CPU_ReadMem(4 bytes @ 0xE00FF014) -- CPU_ReadMem(4 bytes @ 0xE00FF018)  returns 0x00 (0456ms, 0758ms total)
T4387F740 000:758 JLINK_GetIdData(...) >0x0D TIF> >0x21 TIF> ScanLen=4 NumDevices=1 aId[0]=0x1BA01477 aIrRead[0]=0 aScanLen[0]=0 aScanRead[0]=0 (0000ms, 0758ms total)
T4387F740 000:758 JLINK_JTAG_GetDeviceID(DeviceIndex = 0)  returns 0x00 (0000ms, 0758ms total)
T4387F740 000:758 JLINK_GetDeviceFamily()  returns 3 (0000ms, 0758ms total)
T4387F740 000:758 JLINK_GetDeviceFamily()  returns 3 (0000ms, 0758ms total)
T4387F740 000:758 JLINK_GetDeviceFamily()  returns 3 (0000ms, 0758ms total)
T4387F740 000:758 JLINK_GetDeviceFamily()  returns 3 (0001ms, 0759ms total)
T4387F740 000:759 JLINK_SetSpeed(100) (0000ms, 0759ms total)
T4387F740 000:759 JLINK_GetHWStatus(...)  returns 0x00 (0000ms, 0759ms total)
T4387F740 000:759 JLINK_GetSpeedInfo() 4000000 Hz / n, n >= 1 (0000ms, 0759ms total)
T4387F740 000:759 JLINK_MeasureRTCKReactTime() (0000ms, 0759ms total)
T4387F740 000:759 JLINK_GetSpeed()  returns 0x64 (0000ms, 0759ms total)
T4387F740 002:997 JLINK_Halt()  returns 0x00 (0037ms, 0796ms total)
T4387F740 003:034 JLINK_GetDeviceFamily()  returns 3 (0000ms, 0796ms total)
T4387F740 003:034 JLINK_ReadRegs(NumRegs = 28, Indexes: 0, 1, 2, 3, 4, 5, 6, 7, 8, 9, 10, 11, 12, 13, 17, 18, 14, 15, 16, 21, 22, 23, 20, 27, 26, 25, 24, 65) -- CPU_ReadMem(4 bytes @ 0xE0001004)
 -- R0=0x20000008, R1=0xC3000000, R2=0x02, R3=0xE000ED00, R4=0x40010800, R5=0x2000000C, R6=0x2000001C, R7=0xF86E1C03, R8=0xFFFF3BDE, R9=0xFFB7FFDF, R10=0xF07F163F, R11=0xC1AD2CD4, R12=0x9FFEFBFF, R13 (SP)=0x20005000, MSP=0x20005000, PSP=0xB0072970, R14=0xFFFFFFFF, R15 (PC)=0x8000400, XPSR=0x1000000, APSR=0x00, EPSR=0x1000000, IPSR=0x00, CFBP=0x00, CONTROL=0x00, FAULTMASK=0x00, BASEPRI=0x00, PRIMASK=0x00, CycleCnt=0x00  returns 0x00 (0003ms, 0799ms total)
